C166 COMPILER V7.00, CC2                                                                   10/09/2019 17:38:10 PAGE 1   


C166 COMPILER V7.00, COMPILATION OF MODULE CC2
OBJECT MODULE PLACED IN CC2.OBJ
COMPILER INVOKED BY: E:\Keil_C166\C166\BIN\C166.EXE CC2.c MODV2 BROWSE MODV2 DEBUG

 stmt lvl     source

    1         //****************************************************************************
    2         // @Module        Capture / Compare Unit 2 (CAPCOM2)
    3         // @Filename      CC2.c
    4         // @Project       tiaoshi.dav
    5         //----------------------------------------------------------------------------
    6         // @Controller    Infineon XC2267M-104F80
    7         //
    8         // @Compiler      Keil
    9         //
   10         // @Codegenerator 2.0
   11         //
   12         // @Description   This file contains functions that use the CC2 module.
   13         //
   14         //----------------------------------------------------------------------------
   15         // @Date          2019/10/9 17:37:18
   16         //
   17         //****************************************************************************
   18         
   19         // USER CODE BEGIN (CC2_General,1)
   20         
   21         // USER CODE END
   22         
   23         
   24         
   25         //****************************************************************************
   26         // @Project Includes
   27         //****************************************************************************
   28         
   29         #include "MAIN.h"
   30         
   31         // USER CODE BEGIN (CC2_General,2)
   32         
   33         // USER CODE END
   34         
   35         
   36         //****************************************************************************
   37         // @Macros
   38         //****************************************************************************
   39         
   40         // USER CODE BEGIN (CC2_General,3)
   41         
   42         // USER CODE END
   43         
   44         
   45         //****************************************************************************
   46         // @Defines
   47         //****************************************************************************
   48         
   49         // USER CODE BEGIN (CC2_General,4)
   50         
   51         // USER CODE END
   52         
   53         
   54         //****************************************************************************
   55         // @Typedefs
C166 COMPILER V7.00, CC2                                                                   10/09/2019 17:38:10 PAGE 2   

   56         //****************************************************************************
   57         
   58         // USER CODE BEGIN (CC2_General,5)
   59         
   60         // USER CODE END
   61         
   62         
   63         //****************************************************************************
   64         // @Imported Global Variables
   65         //****************************************************************************
   66         
   67         // USER CODE BEGIN (CC2_General,6)
   68         
   69         // USER CODE END
   70         
   71         
   72         //****************************************************************************
   73         // @Global Variables
   74         //****************************************************************************
   75         
   76         // USER CODE BEGIN (CC2_General,7)
   77         
   78         // USER CODE END
   79         
   80         
   81         //****************************************************************************
   82         // @External Prototypes
   83         //****************************************************************************
   84         
   85         // USER CODE BEGIN (CC2_General,8)
   86         
   87         // USER CODE END
   88         
   89         
   90         //****************************************************************************
   91         // @Prototypes Of Local Functions
   92         //****************************************************************************
   93         
   94         // USER CODE BEGIN (CC2_General,9)
   95         
   96         // USER CODE END
   97         
   98         
   99         //****************************************************************************
  100         // @Function      void CC2_vInit(void) 
  101         //
  102         //----------------------------------------------------------------------------
  103         // @Description   This is the initialization function of the CAPCOM2 function 
  104         //                library. It is assumed that the SFRs used by this library 
  105         //                are in reset state. 
  106         //
  107         //----------------------------------------------------------------------------
  108         // @Returnvalue   None
  109         //
  110         //----------------------------------------------------------------------------
  111         // @Parameters    None
  112         //
  113         //----------------------------------------------------------------------------
  114         // @Date          2019/10/9
  115         //
  116         //****************************************************************************
  117         
C166 COMPILER V7.00, CC2                                                                   10/09/2019 17:38:10 PAGE 3   

  118         // USER CODE BEGIN (Init,1)
  119         
  120         // USER CODE END
  121         
  122         void CC2_vInit(void)
  123         {
  124  1        // USER CODE BEGIN (Init,2)
  125  1      
  126  1        // USER CODE END
  127  1      
  128  1        ///  -----------------------------------------------------------------------
  129  1        ///  Configuration of  Kernel state configuration Control:
  130  1        ///  -----------------------------------------------------------------------
  131  1        ///  - the Peripheral is supplied with clock signal for CAPCOM2 unit
  132  1        ///  - the CC2 module clock = 80.00 MHz
  133  1      
  134  1        CC2_KSCCFG     =  0x0003;      // load CAPCOM2 Kernel state configuration 
  135  1                                       // register
  136  1      
  137  1      
  138  1        _nop_();  // one cycle delay 
  139  1      
  140  1        _nop_();  // one cycle delay 
  141  1      
  142  1        ///  -----------------------------------------------------------------------
  143  1        ///  Configuration of CAPCOM2 Control:
  144  1        ///  -----------------------------------------------------------------------
  145  1        ///  - the contents of the CC2_OUT register is visble at output port
  146  1        ///  - the contents of the port register is changed by the CAPCOM2 unit
  147  1      
  148  1        ///  -----------------------------------------------------------------------
  149  1        ///  Configuration of CAPCOM2 Timer 7:
  150  1        ///  -----------------------------------------------------------------------
  151  1        ///  - timer 7 works in timer mode
  152  1        ///  - prescaler factor is 1024
  153  1        ///  - timer 7 run bit is set
  154  1      
  155  1        ///  -----------------------------------------------------------------------
  156  1        ///  Configuration of CAPCOM2 Timer 8:
  157  1        ///  -----------------------------------------------------------------------
  158  1        ///  - timer 8 works in timer mode
  159  1        ///  - prescaler factor is 8
  160  1        ///  - timer 8 run bit is reset
  161  1      
  162  1      
  163  1        CC2_T78CON     =  0x0007;      // load CAPCOM2 timer 7 and timer 8 control 
  164  1                                       // register
  165  1      
  166  1        ///  -----------------------------------------------------------------------
  167  1        ///  Configuration of the used CAPCOM2 Timer Port Pins:
  168  1        ///  -----------------------------------------------------------------------
  169  1      
  170  1      
  171  1        ///  -----------------------------------------------------------------------
  172  1        ///  Configuration of the used CAPCOM2 Timer Interrupts:
  173  1        ///  -----------------------------------------------------------------------
  174  1      
  175  1      
  176  1        ///  -----------------------------------------------------------------------
  177  1        ///  Configuration of the used CAPCOM2 Channel 16:
  178  1        ///  -----------------------------------------------------------------------
  179  1        ///  - capture on negative transition (falling edge) at pin CC16IO (P2.3)
C166 COMPILER V7.00, CC2                                                                   10/09/2019 17:38:10 PAGE 4   

  180  1        ///  - CC16 allocated to CAPCOM2 timer 7
  181  1        ///  - single event mode is disabled
  182  1      
  183  1      
  184  1        ///  -----------------------------------------------------------------------
  185  1        ///  Configuration of the used CAPCOM2 Channel 17:
  186  1        ///  -----------------------------------------------------------------------
  187  1        ///  - capture on negative transition (falling edge) at pin CC17IO (P2.4)
  188  1        ///  - CC17 allocated to CAPCOM2 timer 7
  189  1        ///  - single event mode is disabled
  190  1      
  191  1      
  192  1        ///  -----------------------------------------------------------------------
  193  1        ///  Configuration of the used CAPCOM2 Channel 18:
  194  1        ///  -----------------------------------------------------------------------
  195  1        ///  - capture on negative transition (falling edge) at pin CC18IO (P2.5)
  196  1        ///  - CC18 allocated to CAPCOM2 timer 7
  197  1        ///  - single event mode is disabled
  198  1      
  199  1      
  200  1        ///  -----------------------------------------------------------------------
  201  1        ///  Configuration of the used CAPCOM2 Channel 19:
  202  1        ///  -----------------------------------------------------------------------
  203  1        ///  - capture on negative transition (falling edge) at pin CC19IO (P2.6)
  204  1        ///  - CC19 allocated to CAPCOM2 timer 7
  205  1        ///  - single event mode is disabled
  206  1      
  207  1      
  208  1        ///  -----------------------------------------------------------------------
  209  1        ///  Configuration of the used CAPCOM2 Channel 20:
  210  1        ///  -----------------------------------------------------------------------
  211  1        ///  - capture on negative transition (falling edge) at pin CC20IO (P2.7)
  212  1        ///  - CC20 allocated to CAPCOM2 timer 7
  213  1        ///  - single event mode is disabled
  214  1      
  215  1      
  216  1        ///  -----------------------------------------------------------------------
  217  1        ///  Configuration of the used CAPCOM2 Channel 21:
  218  1        ///  -----------------------------------------------------------------------
  219  1        ///  - channel 21 is disabled
  220  1      
  221  1        ///  -----------------------------------------------------------------------
  222  1        ///  Configuration of the used CAPCOM2 Channel 22:
  223  1        ///  -----------------------------------------------------------------------
  224  1        ///  - channel 22 is disabled
  225  1      
  226  1        ///  -----------------------------------------------------------------------
  227  1        ///  Configuration of the used CAPCOM2 Channel 23:
  228  1        ///  -----------------------------------------------------------------------
  229  1        ///  - channel 23 is disabled
  230  1      
  231  1        ///  -----------------------------------------------------------------------
  232  1        ///  Configuration of the used CAPCOM2 Channel 24:
  233  1        ///  -----------------------------------------------------------------------
  234  1        ///  - channel 24 is disabled
  235  1      
  236  1        ///  -----------------------------------------------------------------------
  237  1        ///  Configuration of the used CAPCOM2 Channel 25:
  238  1        ///  -----------------------------------------------------------------------
  239  1        ///  - channel 25 is disabled
  240  1      
  241  1        ///  -----------------------------------------------------------------------
C166 COMPILER V7.00, CC2                                                                   10/09/2019 17:38:10 PAGE 5   

  242  1        ///  Configuration of the used CAPCOM2 Channel 26:
  243  1        ///  -----------------------------------------------------------------------
  244  1        ///  - channel 26 is disabled
  245  1      
  246  1        ///  -----------------------------------------------------------------------
  247  1        ///  Configuration of the used CAPCOM2 Channel 27:
  248  1        ///  -----------------------------------------------------------------------
  249  1        ///  - channel 27 is disabled
  250  1      
  251  1        ///  -----------------------------------------------------------------------
  252  1        ///  Configuration of the used CAPCOM2 Channel 28:
  253  1        ///  -----------------------------------------------------------------------
  254  1        ///  - channel 28 is disabled
  255  1      
  256  1        ///  -----------------------------------------------------------------------
  257  1        ///  Configuration of the used CAPCOM2 Channel 29:
  258  1        ///  -----------------------------------------------------------------------
  259  1        ///  - channel 29 is disabled
  260  1      
  261  1        ///  -----------------------------------------------------------------------
  262  1        ///  Configuration of the used CAPCOM2 Channel 30:
  263  1        ///  -----------------------------------------------------------------------
  264  1        ///  - channel 30 is disabled
  265  1      
  266  1        ///  -----------------------------------------------------------------------
  267  1        ///  Configuration of the used CAPCOM2 Channel 31:
  268  1        ///  -----------------------------------------------------------------------
  269  1        ///  - channel 31 is disabled
  270  1      
  271  1        CC2_M4         =  0x2222;      // load CAPCOM2 mode register 4
  272  1        CC2_M5         =  0x0002;      // load CAPCOM2 mode register 5
  273  1      
  274  1        ///  -----------------------------------------------------------------------
  275  1        ///  Configuration of the used CAPCOM2 Channel Port Pins:
  276  1        ///  -----------------------------------------------------------------------
  277  1        ///  - P2.3 is used for CAPCOM2 input(CC2_16)
  278  1        ///  - P2.4 is used for CAPCOM2 input(CC2_17)
  279  1        ///  - P2.5 is used for CAPCOM2 input(CC2_18)
  280  1        ///  - P2.6 is used for CAPCOM2 input(CC2_19)
  281  1        ///  - P2.7 is used for CAPCOM2 input(CC2_20)
  282  1      
  283  1      
  284  1        ///  -----------------------------------------------------------------------
  285  1        ///  Configuration of the used CAPCOM2 Channels Interrupts:
  286  1        ///  -----------------------------------------------------------------------
  287  1        ///  CC16 service request node configuration:
  288  1        ///  - CC16 interrupt priority level (ILVL) = 9
  289  1        ///  - CC16 interrupt group level (GLVL) = 1
  290  1        ///  - CC16 group priority extension (GPX) = 0
  291  1      
  292  1        CC2_CC16IC     =  0x0065;     
  293  1      
  294  1      
  295  1        ///  CC17 service request node configuration:
  296  1        ///  - CC17 interrupt priority level (ILVL) = 8
  297  1        ///  - CC17 interrupt group level (GLVL) = 1
  298  1        ///  - CC17 group priority extension (GPX) = 0
  299  1      
  300  1        CC2_CC17IC     =  0x0061;     
  301  1      
  302  1      
  303  1        ///  CC18 service request node configuration:
C166 COMPILER V7.00, CC2                                                                   10/09/2019 17:38:10 PAGE 6   

  304  1        ///  - CC18 interrupt priority level (ILVL) = 7
  305  1        ///  - CC18 interrupt group level (GLVL) = 1
  306  1        ///  - CC18 group priority extension (GPX) = 0
  307  1      
  308  1        CC2_CC18IC     =  0x005D;     
  309  1      
  310  1      
  311  1        ///  CC19 service request node configuration:
  312  1        ///  - CC19 interrupt priority level (ILVL) = 6
  313  1        ///  - CC19 interrupt group level (GLVL) = 1
  314  1        ///  - CC19 group priority extension (GPX) = 0
  315  1      
  316  1        CC2_CC19IC     =  0x0059;     
  317  1      
  318  1      
  319  1        ///  CC20 service request node configuration:
  320  1        ///  - CC20 interrupt priority level (ILVL) = 5
  321  1        ///  - CC20 interrupt group level (GLVL) = 1
  322  1        ///  - CC20 group priority extension (GPX) = 0
  323  1      
  324  1        CC2_CC20IC     =  0x0055;     
  325  1      
  326  1      
  327  1      
  328  1        CC2_T78CON_T7R    = 1;    // set CAPCOM2 timer 7 run bit
  329  1      
  330  1      
  331  1        // USER CODE BEGIN (CC20,3)
  332  1      
  333  1        // USER CODE END
  334  1      
  335  1      } //  End of function CC2_viCC20
  336         
  337         
  338         //****************************************************************************
  339         // @Function      void CC2_viCC16(void) 
  340         //
  341         //----------------------------------------------------------------------------
  342         // @Description   This is the interrupt service routine for the CAPCOM2 
  343         //                register CC16. If the content of the corresponding compare 
  344         //                timer (configurable) equals the content of the 
  345         //                capture/compare register CC16 or if a capture event occurs 
  346         //                at the associated port pin, the interrupt request flag is 
  347         //                set and an interrupt is triggered (only if enabled).
  348         //                Please note that you have to add application specific code 
  349         //                to this function.
  350         //
  351         //----------------------------------------------------------------------------
  352         // @Returnvalue   None
  353         //
  354         //----------------------------------------------------------------------------
  355         // @Parameters    None
  356         //
  357         //----------------------------------------------------------------------------
  358         // @Date          2019/10/9
  359         //
  360         //****************************************************************************
  361         
  362         // USER CODE BEGIN (CC16,1)
  363         
  364         
  365         
C166 COMPILER V7.00, CC2                                                                   10/09/2019 17:38:10 PAGE 7   

  366         // USER CODE END
  367         
  368         void CC2_viCC16(void) interrupt CC2_CC16INT
  369         {
  370  1        // USER CODE BEGIN (CC16,2)
  371  1                                
  372  1          //柯默电动 CAPA0 通道16
  373  1      /*
  374  1              uword static previous_CC16,first_timea = 1;
  375  1      
  376  1              if (first_timea == 1)                                                    
  377  1          {
  378  1              previous_CC16 = CC2_CC16;
  379  1                      first_timea = 0;
  380  1          }
  381  1              else
  382  1          {
  383  1                      Period[0] = (CC2_CC16 - previous_CC16);                                 //12.8微秒        
  384  1                      Period_High[0]=Period[0] / 256;
  385  1                      Period_Low[0]=Period[0] % 256;   
  386  1                      previous_CC16 = CC2_CC16;
  387  1                      CC2_Mark[0] = 1;
  388  1              }
  389  1      */
  390  1              CC2_Mark[0]++;
  391  1      
  392  1        // USER CODE END
  393  1      
  394  1      } //  End of function CC2_viCC16
  395         
  396         
  397         //****************************************************************************
  398         // @Function      void CC2_viCC17(void) 
  399         //
  400         //----------------------------------------------------------------------------
  401         // @Description   This is the interrupt service routine for the CAPCOM2 
  402         //                register CC17. If the content of the corresponding compare 
  403         //                timer (configurable) equals the content of the 
  404         //                capture/compare register CC17 or if a capture event occurs 
  405         //                at the associated port pin, the interrupt request flag is 
  406         //                set and an interrupt is triggered (only if enabled).
  407         //                Please note that you have to add application specific code 
  408         //                to this function.
  409         //
  410         //----------------------------------------------------------------------------
  411         // @Returnvalue   None
  412         //
  413         //----------------------------------------------------------------------------
  414         // @Parameters    None
  415         //
  416         //----------------------------------------------------------------------------
  417         // @Date          2019/10/9
  418         //
  419         //****************************************************************************
  420         
  421         // USER CODE BEGIN (CC17,1)
  422         
  423         // USER CODE END
  424         
  425         void CC2_viCC17(void) interrupt CC2_CC17INT
  426         {
  427  1        // USER CODE BEGIN (CC17,2)
C166 COMPILER V7.00, CC2                                                                   10/09/2019 17:38:10 PAGE 8   

  428  1      
  429  1              //柯默电动 CAPA1 通道17
  430  1              uword static previous_CC17,first_timeb = 1;
  431  1      
  432  1              if (first_timeb == 1)                                                    
  433  1          {
  434  2              previous_CC17 = CC2_CC17;
  435  2                      first_timeb = 0;
  436  2          }
  437  1              else
  438  1          {
  439  2                      Period[1] = (CC2_CC17 - previous_CC17);                                         //12.8微秒
  440  2                      Period_High[1]=Period[1] / 256;
*** WARNING C192 IN LINE 440 OF CC2.C: '=': value truncated
  441  2                      Period_Low[1]=Period[1] % 256;   
*** WARNING C192 IN LINE 441 OF CC2.C: '=': value truncated
  442  2                      previous_CC17 = CC2_CC17;
  443  2                      CC2_Mark[1] = 1;
  444  2              }
  445  1      
  446  1              //CC2_Mark[1]++;
  447  1      
  448  1        // USER CODE END
  449  1      
  450  1      } //  End of function CC2_viCC17
  451         
  452         
  453         //****************************************************************************
  454         // @Function      void CC2_viCC18(void) 
  455         //
  456         //----------------------------------------------------------------------------
  457         // @Description   This is the interrupt service routine for the CAPCOM2 
  458         //                register CC18. If the content of the corresponding compare 
  459         //                timer (configurable) equals the content of the 
  460         //                capture/compare register CC18 or if a capture event occurs 
  461         //                at the associated port pin, the interrupt request flag is 
  462         //                set and an interrupt is triggered (only if enabled).
  463         //                Please note that you have to add application specific code 
  464         //                to this function.
  465         //
  466         //----------------------------------------------------------------------------
  467         // @Returnvalue   None
  468         //
  469         //----------------------------------------------------------------------------
  470         // @Parameters    None
  471         //
  472         //----------------------------------------------------------------------------
  473         // @Date          2019/10/9
  474         //
  475         //****************************************************************************
  476         
  477         // USER CODE BEGIN (CC18,1)
  478         
  479         // USER CODE END
  480         
  481         void CC2_viCC18(void) interrupt CC2_CC18INT
  482         {
  483  1        // USER CODE BEGIN (CC18,2)
  484  1      
  485  1              //柯默电动 CAPA2 通道18
  486  1              uword static previous_CC18,first_timec = 1;
  487  1      
C166 COMPILER V7.00, CC2                                                                   10/09/2019 17:38:10 PAGE 9   

  488  1              if (first_timec == 1)                                                    
  489  1          {
  490  2              previous_CC18 = CC2_CC18;
  491  2                      first_timec = 0;
  492  2          }
  493  1              else
  494  1          {
  495  2                      Period[2] = (CC2_CC18 - previous_CC18);                                         //12.8微秒
  496  2                      Period_High[2]=Period[2] / 256;
*** WARNING C192 IN LINE 496 OF CC2.C: '=': value truncated
  497  2                      Period_Low[2]=Period[2] % 256;           
*** WARNING C192 IN LINE 497 OF CC2.C: '=': value truncated
  498  2                      previous_CC18 = CC2_CC18;
  499  2                      CC2_Mark[2]=1;
  500  2              }
  501  1      
  502  1              //CC2_Mark[2]++;
  503  1      
  504  1        // USER CODE END
  505  1      
  506  1      } //  End of function CC2_viCC18
  507         
  508         
  509         //****************************************************************************
  510         // @Function      void CC2_viCC19(void) 
  511         //
  512         //----------------------------------------------------------------------------
  513         // @Description   This is the interrupt service routine for the CAPCOM2 
  514         //                register CC19. If the content of the corresponding compare 
  515         //                timer (configurable) equals the content of the 
  516         //                capture/compare register CC19 or if a capture event occurs 
  517         //                at the associated port pin, the interrupt request flag is 
  518         //                set and an interrupt is triggered (only if enabled).
  519         //                Please note that you have to add application specific code 
  520         //                to this function.
  521         //
  522         //----------------------------------------------------------------------------
  523         // @Returnvalue   None
  524         //
  525         //----------------------------------------------------------------------------
  526         // @Parameters    None
  527         //
  528         //----------------------------------------------------------------------------
  529         // @Date          2019/10/9
  530         //
  531         //****************************************************************************
  532         
  533         // USER CODE BEGIN (CC19,1)
  534         
  535         // USER CODE END
  536         
  537         void CC2_viCC19(void) interrupt CC2_CC19INT
  538         {
  539  1        // USER CODE BEGIN (CC19,2)
  540  1      
  541  1              //柯默电动 CAPA3 通道19
  542  1              uword static previous_CC19,first_timed = 1;
  543  1      
  544  1              if (first_timed == 1)                                                    
  545  1          {
  546  2              previous_CC19 = CC2_CC19;
  547  2                      first_timed = 0;
C166 COMPILER V7.00, CC2                                                                   10/09/2019 17:38:10 PAGE 10  

  548  2          }
  549  1              else
  550  1          {
  551  2                      Period[3] = (CC2_CC19 - previous_CC19);                                         //12.8微秒
  552  2                      Period_High[3]=Period[3] / 256;
*** WARNING C192 IN LINE 552 OF CC2.C: '=': value truncated
  553  2                      Period_Low[3]=Period[3] % 256;           
*** WARNING C192 IN LINE 553 OF CC2.C: '=': value truncated
  554  2                      previous_CC19 = CC2_CC19;
  555  2                      CC2_Mark[3]=1;
  556  2              }
  557  1      
  558  1              //CC2_Mark[3]++;
  559  1      
  560  1        // USER CODE END
  561  1      
  562  1      } //  End of function CC2_viCC19
  563         
  564         
  565         //****************************************************************************
  566         // @Function      void CC2_viCC20(void) 
  567         //
  568         //----------------------------------------------------------------------------
  569         // @Description   This is the interrupt service routine for the CAPCOM2 
  570         //                register CC20. If the content of the corresponding compare 
  571         //                timer (configurable) equals the content of the 
  572         //                capture/compare register CC20 or if a capture event occurs 
  573         //                at the associated port pin, the interrupt request flag is 
  574         //                set and an interrupt is triggered (only if enabled).
  575         //                Please note that you have to add application specific code 
  576         //                to this function.
  577         //
  578         //----------------------------------------------------------------------------
  579         // @Returnvalue   None
  580         //
  581         //----------------------------------------------------------------------------
  582         // @Parameters    None
  583         //
  584         //----------------------------------------------------------------------------
  585         // @Date          2019/10/9
  586         //
  587         //****************************************************************************
  588         
  589         // USER CODE BEGIN (CC20,1)
  590         
  591         // USER CODE END
  592         
  593         void CC2_viCC20(void) interrupt CC2_CC20INT
  594         {
  595  1        // USER CODE BEGIN (CC20,2)
  596  1      
  597  1      //柯默电动 CAPA3 通道19
  598  1              uword static previous_CC20,first_timee = 1;
  599  1      
  600  1              if (first_timee == 1)                                                    
  601  1          {
  602  2              previous_CC20 = CC2_CC20;
  603  2                      first_timee = 0;
  604  2          }
  605  1              else
  606  1          {
  607  2                      Period[4] = (CC2_CC20 - previous_CC20);                                         //12.8微秒
C166 COMPILER V7.00, CC2                                                                   10/09/2019 17:38:10 PAGE 11  

  608  2                      Period_High[4]=Period[4] / 256;
*** WARNING C192 IN LINE 608 OF CC2.C: '=': value truncated
  609  2                      Period_Low[4]=Period[4] % 256;           
*** WARNING C192 IN LINE 609 OF CC2.C: '=': value truncated
  610  2                      previous_CC20 = CC2_CC20;
  611  2                      CC2_Mark[4]=1;
  612  2              }
  613  1      
  614  1              //CC2_Mark[4]++;
  615  1      
  616  1        // USER CODE END
  617  1      
  618  1      } //  End of function CC2_viCC20
  619         
  620         
  621         
  622         
  623         // USER CODE BEGIN (CC2_General,10)
  624         
  625         // USER CODE END
  626         


MODULE INFORMATION:   INITIALIZED  UNINITIALIZED
  CODE SIZE        =         366     --------
  NEAR-CONST SIZE  =    --------     --------
  FAR-CONST SIZE   =    --------     --------
  HUGE-CONST SIZE  =    --------     --------
  XHUGE-CONST SIZE =    --------     --------
  NEAR-DATA SIZE   =          16     --------
  FAR-DATA SIZE    =    --------     --------
  XHUGE-DATA SIZE  =    --------     --------
  IDATA-DATA SIZE  =    --------     --------
  SDATA-DATA SIZE  =    --------     --------
  BDATA-DATA SIZE  =    --------     --------
  HUGE-DATA SIZE   =    --------     --------
  BIT SIZE         =    --------     --------
  INIT'L SIZE      =          24     --------
END OF MODULE INFORMATION.


C166 COMPILATION COMPLETE.  8 WARNING(S),  0 ERROR(S)
