C166 COMPILER V7.00, VARIABLE                                                              12/07/2017 22:12:56 PAGE 1   


C166 COMPILER V7.00, COMPILATION OF MODULE VARIABLE
OBJECT MODULE PLACED IN Variable.OBJ
COMPILER INVOKED BY: C:\Keil\C166\BIN\C166.EXE Variable.c MODV2 BROWSE MODV2 DEBUG

 stmt lvl     source

    1         
    2         #include "main.h"
    3         
    4         unsigned char sunyi=1;


MODULE INFORMATION:   INITIALIZED  UNINITIALIZED
  CODE SIZE        =    --------     --------
  NEAR-CONST SIZE  =    --------     --------
  FAR-CONST SIZE   =    --------     --------
  HUGE-CONST SIZE  =    --------     --------
  XHUGE-CONST SIZE =    --------     --------
  NEAR-DATA SIZE   =           1     --------
  FAR-DATA SIZE    =    --------     --------
  XHUGE-DATA SIZE  =    --------     --------
  IDATA-DATA SIZE  =    --------     --------
  SDATA-DATA SIZE  =    --------     --------
  BDATA-DATA SIZE  =    --------     --------
  HUGE-DATA SIZE   =    --------     --------
  BIT SIZE         =    --------     --------
  INIT'L SIZE      =           6     --------
END OF MODULE INFORMATION.


C166 COMPILATION COMPLETE.  0 WARNING(S),  0 ERROR(S)
